<?xml version="1.0" encoding="UTF-8"?>
<!-- Generated by org.testng.reporters.JUnitXMLReporter -->
<testsuite ignored="0" hostname="TXCHD-LAP-265" failures="3" tests="7" name="Surefire test" time="11.135" errors="0" timestamp="2025-01-03T13:05:21 IST">
  <testcase classname="api.tests.DDTests" name="testPostUser" time="0.0">
    <failure type="java.lang.RuntimeException" message="java.lang.NoSuchMethodError: &amp;apos;org.apache.logging.log4j.LogBuilder org.apache.logging.log4j.Logger.atDebug()&amp;apos;">
      <![CDATA[java.lang.RuntimeException: java.lang.NoSuchMethodError: 'org.apache.logging.log4j.LogBuilder org.apache.logging.log4j.Logger.atDebug()'
at java.base/java.util.ArrayList.forEach(ArrayList.java:1597)
Caused by: java.lang.NoSuchMethodError: 'org.apache.logging.log4j.LogBuilder org.apache.logging.log4j.Logger.atDebug()'
at org.apache.poi.openxml4j.opc.PackageRelationshipCollection.parseRelationshipsPart(PackageRelationshipCollection.java:307)
at org.apache.poi.openxml4j.opc.PackageRelationshipCollection.<init>(PackageRelationshipCollection.java:155)
at org.apache.poi.openxml4j.opc.PackageRelationshipCollection.<init>(PackageRelationshipCollection.java:125)
at org.apache.poi.openxml4j.opc.PackagePart.loadRelationships(PackagePart.java:565)
at org.apache.poi.openxml4j.opc.OPCPackage.getParts(OPCPackage.java:783)
at org.apache.poi.openxml4j.opc.OPCPackage.open(OPCPackage.java:354)
at org.apache.poi.ooxml.util.PackageHelper.open(PackageHelper.java:64)
at org.apache.poi.xssf.usermodel.XSSFWorkbook.<init>(XSSFWorkbook.java:315)
at org.apache.poi.xssf.usermodel.XSSFWorkbook.<init>(XSSFWorkbook.java:289)
at api.utilities.XLUtility.getRowCount(XLUtility.java:36)
at api.utilities.DataProviders.getAllData(DataProviders.java:15)
... 30 more
... Removed 35 stack frames]]>
    </failure>
  </testcase> <!-- testPostUser -->
  <testcase classname="api.tests.DDTests" name="testGetUserByName" time="0.0">
    <failure type="java.lang.RuntimeException" message="java.lang.NoSuchMethodError: &amp;apos;org.apache.logging.log4j.LogBuilder org.apache.logging.log4j.Logger.atDebug()&amp;apos;">
      <![CDATA[java.lang.RuntimeException: java.lang.NoSuchMethodError: 'org.apache.logging.log4j.LogBuilder org.apache.logging.log4j.Logger.atDebug()'
at java.base/java.util.ArrayList.forEach(ArrayList.java:1597)
Caused by: java.lang.NoSuchMethodError: 'org.apache.logging.log4j.LogBuilder org.apache.logging.log4j.Logger.atDebug()'
at org.apache.poi.openxml4j.opc.PackageRelationshipCollection.parseRelationshipsPart(PackageRelationshipCollection.java:307)
at org.apache.poi.openxml4j.opc.PackageRelationshipCollection.<init>(PackageRelationshipCollection.java:155)
at org.apache.poi.openxml4j.opc.PackageRelationshipCollection.<init>(PackageRelationshipCollection.java:125)
at org.apache.poi.openxml4j.opc.PackagePart.loadRelationships(PackagePart.java:565)
at org.apache.poi.openxml4j.opc.OPCPackage.getParts(OPCPackage.java:783)
at org.apache.poi.openxml4j.opc.OPCPackage.open(OPCPackage.java:354)
at org.apache.poi.ooxml.util.PackageHelper.open(PackageHelper.java:64)
at org.apache.poi.xssf.usermodel.XSSFWorkbook.<init>(XSSFWorkbook.java:315)
at org.apache.poi.xssf.usermodel.XSSFWorkbook.<init>(XSSFWorkbook.java:289)
at api.utilities.XLUtility.getRowCount(XLUtility.java:36)
at api.utilities.DataProviders.getAllUserNames(DataProviders.java:37)
... 30 more
... Removed 35 stack frames]]>
    </failure>
  </testcase> <!-- testGetUserByName -->
  <testcase classname="api.tests.DDTests" name="testDeleteUserByName" time="0.0">
    <failure type="java.lang.RuntimeException" message="java.lang.NoSuchMethodError: &amp;apos;org.apache.logging.log4j.LogBuilder org.apache.logging.log4j.Logger.atDebug()&amp;apos;">
      <![CDATA[java.lang.RuntimeException: java.lang.NoSuchMethodError: 'org.apache.logging.log4j.LogBuilder org.apache.logging.log4j.Logger.atDebug()'
at java.base/java.util.ArrayList.forEach(ArrayList.java:1597)
Caused by: java.lang.NoSuchMethodError: 'org.apache.logging.log4j.LogBuilder org.apache.logging.log4j.Logger.atDebug()'
at org.apache.poi.openxml4j.opc.PackageRelationshipCollection.parseRelationshipsPart(PackageRelationshipCollection.java:307)
at org.apache.poi.openxml4j.opc.PackageRelationshipCollection.<init>(PackageRelationshipCollection.java:155)
at org.apache.poi.openxml4j.opc.PackageRelationshipCollection.<init>(PackageRelationshipCollection.java:125)
at org.apache.poi.openxml4j.opc.PackagePart.loadRelationships(PackagePart.java:565)
at org.apache.poi.openxml4j.opc.OPCPackage.getParts(OPCPackage.java:783)
at org.apache.poi.openxml4j.opc.OPCPackage.open(OPCPackage.java:354)
at org.apache.poi.ooxml.util.PackageHelper.open(PackageHelper.java:64)
at org.apache.poi.xssf.usermodel.XSSFWorkbook.<init>(XSSFWorkbook.java:315)
at org.apache.poi.xssf.usermodel.XSSFWorkbook.<init>(XSSFWorkbook.java:289)
at api.utilities.XLUtility.getRowCount(XLUtility.java:36)
at api.utilities.DataProviders.getAllUserNames(DataProviders.java:37)
... 30 more
... Removed 35 stack frames]]>
    </failure>
  </testcase> <!-- testDeleteUserByName -->
  <testcase classname="api.tests.UserTests" name="testPostUser" time="3.206"/>
  <testcase classname="api.tests.UserTests" name="testGetUserByName" time="1.874"/>
  <testcase classname="api.tests.UserTests" name="testUpdateUserByName" time="3.579"/>
  <testcase classname="api.tests.UserTests" name="testDeleteUserByName" time="1.738"/>
</testsuite> <!-- Surefire test -->
