<?xml version="1.0" encoding="UTF-8"?>
<!-- Generated by org.testng.reporters.JUnitXMLReporter -->
<testsuite ignored="2" hostname="TXCHD-LAP-265" failures="0" tests="3" name="Default test" time="5.839" errors="0" timestamp="2025-01-02T16:06:47 IST">
  <testcase classname="api.tests.DDTests" name="testDeleteUserByName" time="2.52"/>
  <testcase classname="api.tests.DDTests" name="testDeleteUserByName" time="1.356"/>
  <testcase classname="api.tests.DDTests" name="testDeleteUserByName" time="1.332"/>
  <testcase classname="api.tests.DDTests" name="testPostUser" time="0.0">
    <ignored/>
  </testcase> <!-- testPostUser -->
  <testcase classname="api.tests.DDTests" name="testGetUserByName" time="0.0">
    <ignored/>
  </testcase> <!-- testGetUserByName -->
</testsuite> <!-- Default test -->
