<?xml version="1.0" encoding="UTF-8"?>
<testsuite xmlns:xsi="http://www.w3.org/2001/XMLSchema-instance" xsi:noNamespaceSchemaLocation="https://maven.apache.org/surefire/maven-surefire-plugin/xsd/surefire-test-report.xsd" version="3.0.2" name="TestSuite" time="8.842" tests="4" errors="0" skipped="0" failures="0">
  <properties>
[...]
</properties>
  <testcase name="testPostUser" classname="api.tests.UserTests2" time="2.623">
    <system-out><![CDATA[HTTP/1.1 200 OK
Date: Fri, 03 Jan 2025 09:56:39 GMT
Content-Type: application/json
Transfer-Encoding: chunked
Connection: keep-alive
Access-Control-Allow-Origin: *
Access-Control-Allow-Methods: GET, POST, DELETE, PUT
Access-Control-Allow-Headers: Content-Type, api_key, Authorization
Server: Jetty(9.2.9.v20150224)

{
    "code": 200,
    "type": "unknown",
    "message": "1661210650"
}
15:26:39.396 [main] INFO  api.tests.UserTests2 - ****** User Created *********
]]></system-out>
    <system-err><![CDATA[SLF4J: Failed to load class "org.slf4j.impl.StaticLoggerBinder".
SLF4J: Defaulting to no-operation (NOP) logger implementation
SLF4J: See http://www.slf4j.org/codes.html#StaticLoggerBinder for further details.
]]></system-err>
  </testcase>
  <testcase name="testGetUserByName" classname="api.tests.UserTests2" time="1.253">
    <system-out><![CDATA[15:26:39.404 [main] INFO  api.tests.UserTests2 - ****** Getting User Info *********
HTTP/1.1 200 OK
Date: Fri, 03 Jan 2025 09:56:40 GMT
Content-Type: application/json
Transfer-Encoding: chunked
Connection: keep-alive
Access-Control-Allow-Origin: *
Access-Control-Allow-Methods: GET, POST, DELETE, PUT
Access-Control-Allow-Headers: Content-Type, api_key, Authorization
Server: Jetty(9.2.9.v20150224)

{
    "id": 1661210650,
    "username": "dennis.lueilwitz",
    "firstName": "Paul",
    "lastName": "Lemke",
    "email": "keith.frami@example.com",
    "password": "3njxscs2",
    "phone": "708.049.9786",
    "userStatus": 0
}
15:26:40.658 [main] INFO  api.tests.UserTests2 - ****** User Info Displayed *********
]]></system-out>
  </testcase>
  <testcase name="testUpdateUserByName" classname="api.tests.UserTests2" time="2.436">
    <system-out><![CDATA[15:26:40.662 [main] INFO  api.tests.UserTests2 - ****** Updating User Info *********
HTTP/1.1 200 OK
Date: Fri, 03 Jan 2025 09:56:41 GMT
Content-Type: application/json
Transfer-Encoding: chunked
Connection: keep-alive
Access-Control-Allow-Origin: *
Access-Control-Allow-Methods: GET, POST, DELETE, PUT
Access-Control-Allow-Headers: Content-Type, api_key, Authorization
Server: Jetty(9.2.9.v20150224)

{
    "code": 200,
    "type": "unknown",
    "message": "1661210650"
}
{
    "code": 200,
    "type": "unknown",
    "message": "1661210650"
}
15:26:43.097 [main] INFO  api.tests.UserTests2 - ****** User Info Updated *********
]]></system-out>
  </testcase>
  <testcase name="testDeleteUserByName" classname="api.tests.UserTests2" time="1.28">
    <system-out><![CDATA[15:26:43.100 [main] INFO  api.tests.UserTests2 - ****** Deleting User *********
15:26:44.378 [main] INFO  api.tests.UserTests2 - ****** User Deleted *********
]]></system-out>
  </testcase>
</testsuite>