<?xml version="1.0" encoding="UTF-8"?>
<testng-results ignored="0" total="4" passed="4" failed="0" skipped="0">
  <reporter-output>
  </reporter-output>
  <suite started-at="2025-01-03T13:04:01 IST" name="PetSuite" finished-at="2025-01-03T13:04:11 IST" duration-ms="10795">
    <groups>
    </groups>
    <test started-at="2025-01-03T13:04:01 IST" name="PetTests" finished-at="2025-01-03T13:04:11 IST" duration-ms="10795">
      <class name="api.tests.UserTests2">
        <test-method is-config="true" signature="setUp()[pri:0, instance:api.tests.UserTests2@7bedc48a]" started-at="2025-01-03T13:04:01 IST" name="setUp" finished-at="2025-01-03T13:04:01 IST" duration-ms="589" status="PASS">
          <reporter-output>
          </reporter-output>
        </test-method> <!-- setUp -->
        <test-method signature="testPostUser()[pri:1, instance:api.tests.UserTests2@7bedc48a]" started-at="2025-01-03T13:04:01 IST" name="testPostUser" finished-at="2025-01-03T13:04:05 IST" duration-ms="3222" status="PASS">
          <reporter-output>
          </reporter-output>
        </test-method> <!-- testPostUser -->
        <test-method signature="testGetUserByName()[pri:2, instance:api.tests.UserTests2@7bedc48a]" started-at="2025-01-03T13:04:05 IST" name="testGetUserByName" finished-at="2025-01-03T13:04:06 IST" duration-ms="1669" status="PASS">
          <reporter-output>
          </reporter-output>
        </test-method> <!-- testGetUserByName -->
        <test-method signature="testUpdateUserByName()[pri:3, instance:api.tests.UserTests2@7bedc48a]" started-at="2025-01-03T13:04:06 IST" name="testUpdateUserByName" finished-at="2025-01-03T13:04:10 IST" duration-ms="3369" status="PASS">
          <reporter-output>
          </reporter-output>
        </test-method> <!-- testUpdateUserByName -->
        <test-method signature="testDeleteUserByName()[pri:4, instance:api.tests.UserTests2@7bedc48a]" started-at="2025-01-03T13:04:10 IST" name="testDeleteUserByName" finished-at="2025-01-03T13:04:11 IST" duration-ms="1738" status="PASS">
          <reporter-output>
          </reporter-output>
        </test-method> <!-- testDeleteUserByName -->
      </class> <!-- api.tests.UserTests2 -->
    </test> <!-- PetTests -->
  </suite> <!-- PetSuite -->
</testng-results>
