<?xml version="1.0" encoding="UTF-8"?>
<!-- Generated by org.testng.reporters.JUnitXMLReporter -->
<testsuite ignored="0" hostname="TXCHD-LAP-265" failures="0" tests="4" name="PetTests" time="10.795" errors="0" timestamp="2025-01-03T13:04:12 IST">
  <testcase classname="api.tests.UserTests2" name="testPostUser" time="3.222"/>
  <testcase classname="api.tests.UserTests2" name="testGetUserByName" time="1.669"/>
  <testcase classname="api.tests.UserTests2" name="testUpdateUserByName" time="3.369"/>
  <testcase classname="api.tests.UserTests2" name="testDeleteUserByName" time="1.738"/>
</testsuite> <!-- PetTests -->
